<?xml version="1.0" encoding="UTF-8"?>
<testsuite name="AllTests" tests="6" skipped="0" failures="0" errors="0" timestamp="2019-11-10T03:52:41" hostname="DESKTOP-7NN46IH" time="0.004">
  <properties/>
  <testcase name="testSubWithNegetives" classname="AllTests" time="0.002"/>
  <testcase name="testSubWithZeros" classname="AllTests" time="0.0"/>
  <testcase name="testSumWithPositives" classname="AllTests" time="0.0"/>
  <testcase name="testSumWithNegetives" classname="AllTests" time="0.0"/>
  <testcase name="testSubWithPositives" classname="AllTests" time="0.0"/>
  <testcase name="testSumWithZeros" classname="AllTests" time="0.0"/>
  <system-out><![CDATA[]]></system-out>
  <system-err><![CDATA[]]></system-err>
</testsuite>
